[20:03:10] [ServerMain/INFO]: Environment: Environment[sessionHost=https://sessionserver.mojang.com, servicesHost=https://api.minecraftservices.com, profilesHost=https://api.mojang.com, name=PROD]
[20:03:12] [Worker-Main-1/INFO]: No existing world data, creating new world
[20:03:13] [ServerMain/INFO]: Loaded 1515 recipes
[20:03:13] [ServerMain/INFO]: Loaded 1617 advancements
[20:03:13] [Server thread/INFO]: Starting minecraft server version 26.1.2
[20:03:13] [Server thread/INFO]: Loading properties
[20:03:13] [Server thread/INFO]: Default game type: SURVIVAL
[20:03:13] [Server thread/INFO]: Generating keypair
[20:03:13] [Server thread/INFO]: Starting Minecraft server on *:25565
[20:03:13] [Server thread/WARN]: **** SERVER IS RUNNING IN OFFLINE/INSECURE MODE!
[20:03:13] [Server thread/WARN]: The server will make no attempt to authenticate usernames. Beware.
[20:03:13] [Server thread/WARN]: While this makes the game possible to play without internet access, it also opens up the ability for hackers to connect with any username they choose.
[20:03:13] [Server thread/WARN]: To change this, set "online-mode" to "true" in the server.properties file.
[20:03:13] [Server thread/INFO]: Preparing level "world"
[20:03:14] [Server thread/INFO]: Selecting global world spawn...
[20:03:21] [Server thread/INFO]: Loading 0 persistent chunks...
[20:03:21] [Server thread/INFO]: Preparing spawn area: 100%
[20:03:21] [Server thread/INFO]: Time elapsed: 6842 ms
[20:03:21] [Server thread/INFO]: Done (7.242s)! For help, type "help"
[20:03:21] [Server thread/INFO]: Saving chunks for level 'ServerLevel[world]'/minecraft:overworld
[20:03:21] [Server thread/INFO]: Saving chunks for level 'ServerLevel[world]'/minecraft:the_end
[20:03:21] [Server thread/INFO]: Saving chunks for level 'ServerLevel[world]'/minecraft:the_nether
[20:03:21] [Server thread/INFO]: ThreadedAnvilChunkStorage (world): All chunks are saved
[20:03:21] [Server thread/INFO]: ThreadedAnvilChunkStorage (DIM1): All chunks are saved
[20:03:21] [Server thread/INFO]: ThreadedAnvilChunkStorage (DIM-1): All chunks are saved
[20:03:21] [Server thread/INFO]: ThreadedAnvilChunkStorage: All dimensions are saved
[20:04:21] [Server thread/INFO]: Server empty for 60 seconds, pausing
